Arguments: 
  /Users/yabakhar/.brew/Cellar/node/15.11.0/bin/node /Users/yabakhar/.brew/bin/yarn init

PATH: 
  /Users/yabakhar/.brew/bin:/usr/local/bin:/usr/bin:/bin:/usr/sbin:/sbin:/usr/local/munki:/Users/yabakhar/bin:/Users/yabakhar/goinfre/flutter/bin

Yarn version: 
  1.22.17

Node version: 
  15.11.0

Platform: 
  darwin x64

Trace: 
  Error: canceled
      at Interface.<anonymous> (/Users/yabakhar/.brew/lib/node_modules/yarn/lib/cli.js:137143:13)
      at Interface.emit (node:events:378:20)
      at Interface._ttyWrite (node:readline:973:16)
      at ReadStream.onkeypress (node:readline:259:10)
      at ReadStream.emit (node:events:378:20)
      at emitKeys (node:internal/readline/utils:358:14)
      at emitKeys.next (<anonymous>)
      at ReadStream.onData (node:readline:1242:36)
      at ReadStream.emit (node:events:378:20)
      at addChunk (node:internal/streams/readable:313:12)

npm manifest: 
  No manifest

yarn manifest: 
  No manifest

Lockfile: 
  No lockfile
